<?xml version="1.0" encoding="UTF-8"?>
<robot generator="Robot 4.1.3 (Python 3.7.5 on win32)" generated="20220125 14:48:07.529" rpa="true" schemaversion="2">
<suite id="s1" name="Tasks" source="d:\robocop files\firstrpa\tasks.robot">
<test id="s1-t1" name="Insert the sales data for the week and export it as a PDF">
<kw name="Open the intranet website">
<kw name="Open Available Browser" library="RPA.Browser.Selenium">
<arg>https://robotsparebinindustries.com/</arg>
<doc>Attempts to open a browser on the user's device from a set of
supported browsers. Automatically downloads a corresponding webdriver
if none is already installed.</doc>
<msg timestamp="20220125 14:48:09.456" level="INFO">Creating an instance of the Chrome WebDriver.</msg>
<msg timestamp="20220125 14:48:09.482" level="INFO">Created download root directory: C:\Users\HP\AppData\Local\robocorp\webdrivers</msg>
<msg timestamp="20220125 14:48:09.482" level="INFO">Created symlink directory: C:\Users\HP\AppData\Local\robocorp\webdrivers</msg>
<msg timestamp="20220125 14:48:09.483" level="INFO">Creating an instance of the Chrome WebDriver.</msg>
<msg timestamp="20220125 14:48:11.885" level="INFO">Created Chrome browser with arguments: --disable-dev-shm-usage --disable-web-security --allow-running-insecure-content --no-sandbox</msg>
<msg timestamp="20220125 14:48:11.885" level="INFO" html="true">&lt;p&gt;Attempted combinations:&lt;/p&gt;&lt;div class="doc"&gt;&lt;table&gt;&lt;tr&gt;&lt;th&gt;Browser&lt;/th&gt;&lt;th&gt;Download&lt;/th&gt;&lt;th&gt;Error&lt;/th&gt;&lt;/tr&gt;&lt;tr&gt;&lt;td&gt;Chrome&lt;/td&gt;&lt;td&gt;False&lt;/td&gt;&lt;td&gt;Message: 'chromedriver' executable needs to be in PATH. Please see https://sites.google.com/a/chromium.org/chromedriver/home
&lt;/td&gt;&lt;/tr&gt;&lt;tr&gt;&lt;td&gt;Chrome&lt;/td&gt;&lt;td&gt;True&lt;/td&gt;&lt;td&gt;&lt;/td&gt;&lt;/tr&gt;&lt;/table&gt;&lt;/div&gt;</msg>
<msg timestamp="20220125 14:48:11.885" level="INFO">Opening url 'https://robotsparebinindustries.com/'</msg>
<status status="PASS" starttime="20220125 14:48:09.454" endtime="20220125 14:48:18.850"/>
</kw>
<status status="PASS" starttime="20220125 14:48:09.454" endtime="20220125 14:48:18.850"/>
</kw>
<status status="PASS" starttime="20220125 14:48:09.452" endtime="20220125 14:48:18.854"/>
</test>
<doc>Insert the sales data for the week and export it as a PDF.</doc>
<status status="PASS" starttime="20220125 14:48:07.533" endtime="20220125 14:48:18.862"/>
</suite>
<statistics>
<total>
<stat pass="1" fail="0" skip="0">All Tasks</stat>
</total>
<tag>
</tag>
<suite>
<stat pass="1" fail="0" skip="0" id="s1" name="Tasks">Tasks</stat>
</suite>
</statistics>
<errors>
</errors>
</robot>
